           1           1           4
           2           1           4
           3           2           4
           4           2           4
           5           4           4
           6           4           4
           7           4           8
           8           4           8
           9           4           8
          10           8           8
          11           8           8
          12           8           8
          13           8           8
          14           8           8
          15           8           8
          16           8          10
          17           8          10
          18           8          10
          19          -1          16
          20          -1          16
          21          -1          16
          22          -1          16
          23          -1          16
          24          -1          16
